<?xml version="1.0" encoding="UTF-8"?>
<!-- Generated by org.testng.reporters.JUnitReportReporter -->
<testsuite skipped="0" hostname="SAJIDs-MBP.fios-router.home" name="pageObjectModel.LoginTestConstructor" tests="1" failures="0" timestamp="2021-06-12T02:24:04 EDT" time="19.817" errors="0">
  <testcase name="loginTest" time="19.817" classname="pageObjectModel.LoginTestConstructor"/>
  <system-out/>
</testsuite> <!-- pageObjectModel.LoginTestConstructor -->
